[3330:3355:1008/061358.613532:ERROR:bus.cc(392)] Failed to connect to the bus: Could not parse server address: Unknown address type (examples of valid types are "tcp" and on UNIX "unix")
[3330:3355:1008/061358.614460:ERROR:bus.cc(392)] Failed to connect to the bus: Could not parse server address: Unknown address type (examples of valid types are "tcp" and on UNIX "unix")
[3330:3330:1008/061358.746294:ERROR:content_settings_pref.cc(290)] Invalid pattern strings: ,*
[3330:3355:1008/061358.786361:ERROR:bus.cc(392)] Failed to connect to the bus: Could not parse server address: Unknown address type (examples of valid types are "tcp" and on UNIX "unix")
[3330:3355:1008/061358.786377:ERROR:bus.cc(392)] Failed to connect to the bus: Could not parse server address: Unknown address type (examples of valid types are "tcp" and on UNIX "unix")
[3330:3402:1008/061358.851713:ERROR:object_proxy.cc(642)] Failed to call method: org.freedesktop.DBus.Properties.Get: object_path= /org/freedesktop/UPower: org.freedesktop.DBus.Error.ServiceUnknown: The name org.freedesktop.UPower was not provided by any .service files
[3330:3402:1008/061358.851806:ERROR:object_proxy.cc(642)] Failed to call method: org.freedesktop.UPower.GetDisplayDevice: object_path= /org/freedesktop/UPower: org.freedesktop.DBus.Error.ServiceUnknown: The name org.freedesktop.UPower was not provided by any .service files
[3330:3402:1008/061358.851908:ERROR:object_proxy.cc(642)] Failed to call method: org.freedesktop.UPower.EnumerateDevices: object_path= /org/freedesktop/UPower: org.freedesktop.DBus.Error.ServiceUnknown: The name org.freedesktop.UPower was not provided by any .service files
[3330:3330:1008/061400.376220:ERROR:CONSOLE(0)] "Unchecked runtime.lastError: The message port closed before a response was received.", source: chrome-extension://mpognobbkildjkofajifpdfhcoklimli/browser.html (0)
[3330:3330:1008/061400.376275:ERROR:CONSOLE(0)] "Unchecked runtime.lastError: The message port closed before a response was received.", source: chrome-extension://mpognobbkildjkofajifpdfhcoklimli/browser.html (0)
[3330:3330:1008/061400.376306:ERROR:CONSOLE(0)] "Unchecked runtime.lastError: The message port closed before a response was received.", source: chrome-extension://mpognobbkildjkofajifpdfhcoklimli/browser.html (0)
[3330:3330:1008/061400.376333:ERROR:CONSOLE(0)] "Unchecked runtime.lastError: The message port closed before a response was received.", source: chrome-extension://mpognobbkildjkofajifpdfhcoklimli/browser.html (0)
[3330:3330:1008/061400.376359:ERROR:CONSOLE(0)] "Unchecked runtime.lastError: The message port closed before a response was received.", source: chrome-extension://mpognobbkildjkofajifpdfhcoklimli/browser.html (0)
[3330:3330:1008/061400.376385:ERROR:CONSOLE(0)] "Unchecked runtime.lastError: The message port closed before a response was received.", source: chrome-extension://mpognobbkildjkofajifpdfhcoklimli/browser.html (0)
[3330:3330:1008/061400.376412:ERROR:CONSOLE(0)] "Unchecked runtime.lastError: The message port closed before a response was received.", source: chrome-extension://mpognobbkildjkofajifpdfhcoklimli/browser.html (0)
[3330:3330:1008/061400.376441:ERROR:CONSOLE(0)] "Unchecked runtime.lastError: The message port closed before a response was received.", source: chrome-extension://mpognobbkildjkofajifpdfhcoklimli/browser.html (0)
[3330:3330:1008/061400.376475:ERROR:CONSOLE(0)] "Unchecked runtime.lastError: The message port closed before a response was received.", source: chrome-extension://mpognobbkildjkofajifpdfhcoklimli/browser.html (0)
[3330:3330:1008/061400.376500:ERROR:CONSOLE(0)] "Unchecked runtime.lastError: The message port closed before a response was received.", source: chrome-extension://mpognobbkildjkofajifpdfhcoklimli/browser.html (0)
[3330:3330:1008/061400.376530:ERROR:CONSOLE(0)] "Unchecked runtime.lastError: The message port closed before a response was received.", source: chrome-extension://mpognobbkildjkofajifpdfhcoklimli/browser.html (0)
[3330:3330:1008/061400.376556:ERROR:CONSOLE(0)] "Unchecked runtime.lastError: The message port closed before a response was received.", source: chrome-extension://mpognobbkildjkofajifpdfhcoklimli/browser.html (0)
[3330:3330:1008/061400.376595:ERROR:CONSOLE(0)] "Unchecked runtime.lastError: The message port closed before a response was received.", source: chrome-extension://mpognobbkildjkofajifpdfhcoklimli/browser.html (0)
[3330:3330:1008/061400.376623:ERROR:CONSOLE(0)] "Unchecked runtime.lastError: The message port closed before a response was received.", source: chrome-extension://mpognobbkildjkofajifpdfhcoklimli/browser.html (0)
[3330:3330:1008/061400.376652:ERROR:CONSOLE(0)] "Unchecked runtime.lastError: The message port closed before a response was received.", source: chrome-extension://mpognobbkildjkofajifpdfhcoklimli/browser.html (0)
[3330:3330:1008/061400.376679:ERROR:CONSOLE(0)] "Unchecked runtime.lastError: The message port closed before a response was received.", source: chrome-extension://mpognobbkildjkofajifpdfhcoklimli/browser.html (0)
[3330:3330:1008/061400.376707:ERROR:CONSOLE(0)] "Unchecked runtime.lastError: The message port closed before a response was received.", source: chrome-extension://mpognobbkildjkofajifpdfhcoklimli/browser.html (0)
[3330:3330:1008/061400.376734:ERROR:CONSOLE(0)] "Unchecked runtime.lastError: The message port closed before a response was received.", source: chrome-extension://mpognobbkildjkofajifpdfhcoklimli/browser.html (0)
[3330:3330:1008/061400.376753:ERROR:CONSOLE(0)] "Unchecked runtime.lastError: The message port closed before a response was received.", source: chrome-extension://mpognobbkildjkofajifpdfhcoklimli/browser.html (0)
[3330:3330:1008/061400.376780:ERROR:CONSOLE(0)] "Unchecked runtime.lastError: The message port closed before a response was received.", source: chrome-extension://mpognobbkildjkofajifpdfhcoklimli/browser.html (0)
[3330:3330:1008/061400.376807:ERROR:CONSOLE(0)] "Unchecked runtime.lastError: The message port closed before a response was received.", source: chrome-extension://mpognobbkildjkofajifpdfhcoklimli/browser.html (0)
[3330:3330:1008/061400.376833:ERROR:CONSOLE(0)] "Unchecked runtime.lastError: The message port closed before a response was received.", source: chrome-extension://mpognobbkildjkofajifpdfhcoklimli/browser.html (0)
[3330:3330:1008/061400.376858:ERROR:CONSOLE(0)] "Unchecked runtime.lastError: The message port closed before a response was received.", source: chrome-extension://mpognobbkildjkofajifpdfhcoklimli/browser.html (0)
[3330:3330:1008/061400.376887:ERROR:CONSOLE(0)] "Unchecked runtime.lastError: The message port closed before a response was received.", source: chrome-extension://mpognobbkildjkofajifpdfhcoklimli/browser.html (0)
[3330:3330:1008/061400.376915:ERROR:CONSOLE(0)] "Unchecked runtime.lastError: The message port closed before a response was received.", source: chrome-extension://mpognobbkildjkofajifpdfhcoklimli/browser.html (0)
[3330:3330:1008/061400.376944:ERROR:CONSOLE(0)] "Unchecked runtime.lastError: The message port closed before a response was received.", source: chrome-extension://mpognobbkildjkofajifpdfhcoklimli/browser.html (0)
[3330:3330:1008/061400.376971:ERROR:CONSOLE(0)] "Unchecked runtime.lastError: The message port closed before a response was received.", source: chrome-extension://mpognobbkildjkofajifpdfhcoklimli/browser.html (0)
[3330:3330:1008/061400.377001:ERROR:CONSOLE(0)] "Unchecked runtime.lastError: The message port closed before a response was received.", source: chrome-extension://mpognobbkildjkofajifpdfhcoklimli/browser.html (0)
[3330:3330:1008/061400.377037:ERROR:CONSOLE(0)] "Unchecked runtime.lastError: The message port closed before a response was received.", source: chrome-extension://mpognobbkildjkofajifpdfhcoklimli/browser.html (0)
[3330:3330:1008/061400.377065:ERROR:CONSOLE(0)] "Unchecked runtime.lastError: The message port closed before a response was received.", source: chrome-extension://mpognobbkildjkofajifpdfhcoklimli/browser.html (0)
[3330:3330:1008/061400.377093:ERROR:CONSOLE(0)] "Unchecked runtime.lastError: The message port closed before a response was received.", source: chrome-extension://mpognobbkildjkofajifpdfhcoklimli/browser.html (0)
[3330:3330:1008/061400.377121:ERROR:CONSOLE(0)] "Unchecked runtime.lastError: The message port closed before a response was received.", source: chrome-extension://mpognobbkildjkofajifpdfhcoklimli/browser.html (0)
[3330:3330:1008/061400.377149:ERROR:CONSOLE(0)] "Unchecked runtime.lastError: The message port closed before a response was received.", source: chrome-extension://mpognobbkildjkofajifpdfhcoklimli/browser.html (0)
[3330:3330:1008/061400.377184:ERROR:CONSOLE(0)] "Unchecked runtime.lastError: The message port closed before a response was received.", source: chrome-extension://mpognobbkildjkofajifpdfhcoklimli/browser.html (0)
[3330:3330:1008/061400.377222:ERROR:CONSOLE(0)] "Unchecked runtime.lastError: The message port closed before a response was received.", source: chrome-extension://mpognobbkildjkofajifpdfhcoklimli/browser.html (0)
[3330:3330:1008/061400.377250:ERROR:CONSOLE(0)] "Unchecked runtime.lastError: The message port closed before a response was received.", source: chrome-extension://mpognobbkildjkofajifpdfhcoklimli/browser.html (0)
[3330:3330:1008/061400.377279:ERROR:CONSOLE(0)] "Unchecked runtime.lastError: The message port closed before a response was received.", source: chrome-extension://mpognobbkildjkofajifpdfhcoklimli/browser.html (0)
[3330:3330:1008/061400.377311:ERROR:CONSOLE(0)] "Unchecked runtime.lastError: The message port closed before a response was received.", source: chrome-extension://mpognobbkildjkofajifpdfhcoklimli/browser.html (0)
[3330:3330:1008/061400.377341:ERROR:CONSOLE(0)] "Unchecked runtime.lastError: The message port closed before a response was received.", source: chrome-extension://mpognobbkildjkofajifpdfhcoklimli/browser.html (0)
[3330:3330:1008/061400.377369:ERROR:CONSOLE(0)] "Unchecked runtime.lastError: The message port closed before a response was received.", source: chrome-extension://mpognobbkildjkofajifpdfhcoklimli/browser.html (0)
[3330:3330:1008/061400.377403:ERROR:CONSOLE(0)] "Unchecked runtime.lastError: The message port closed before a response was received.", source: chrome-extension://mpognobbkildjkofajifpdfhcoklimli/browser.html (0)
[3330:3330:1008/061400.377433:ERROR:CONSOLE(0)] "Unchecked runtime.lastError: The message port closed before a response was received.", source: chrome-extension://mpognobbkildjkofajifpdfhcoklimli/browser.html (0)
[3330:3330:1008/061400.377463:ERROR:CONSOLE(0)] "Unchecked runtime.lastError: The message port closed before a response was received.", source: chrome-extension://mpognobbkildjkofajifpdfhcoklimli/browser.html (0)
[3330:3330:1008/061400.377491:ERROR:CONSOLE(0)] "Unchecked runtime.lastError: The message port closed before a response was received.", source: chrome-extension://mpognobbkildjkofajifpdfhcoklimli/browser.html (0)
[3330:3330:1008/061400.377526:ERROR:CONSOLE(0)] "Unchecked runtime.lastError: The message port closed before a response was received.", source: chrome-extension://mpognobbkildjkofajifpdfhcoklimli/browser.html (0)
[3330:3330:1008/061400.377554:ERROR:CONSOLE(0)] "Unchecked runtime.lastError: The message port closed before a response was received.", source: chrome-extension://mpognobbkildjkofajifpdfhcoklimli/browser.html (0)
[3330:3330:1008/061400.377584:ERROR:CONSOLE(0)] "Unchecked runtime.lastError: The message port closed before a response was received.", source: chrome-extension://mpognobbkildjkofajifpdfhcoklimli/browser.html (0)
[3330:3330:1008/061400.377615:ERROR:CONSOLE(0)] "Unchecked runtime.lastError: The message port closed before a response was received.", source: chrome-extension://mpognobbkildjkofajifpdfhcoklimli/browser.html (0)
[3330:3330:1008/061400.377643:ERROR:CONSOLE(0)] "Unchecked runtime.lastError: The message port closed before a response was received.", source: chrome-extension://mpognobbkildjkofajifpdfhcoklimli/browser.html (0)
[3330:3330:1008/061400.377680:ERROR:CONSOLE(0)] "Unchecked runtime.lastError: The message port closed before a response was received.", source: chrome-extension://mpognobbkildjkofajifpdfhcoklimli/browser.html (0)
[3330:3330:1008/061400.377714:ERROR:CONSOLE(0)] "Unchecked runtime.lastError: The message port closed before a response was received.", source: chrome-extension://mpognobbkildjkofajifpdfhcoklimli/browser.html (0)
[3330:3330:1008/061400.377746:ERROR:CONSOLE(0)] "Unchecked runtime.lastError: The message port closed before a response was received.", source: chrome-extension://mpognobbkildjkofajifpdfhcoklimli/browser.html (0)
[3330:3330:1008/061400.377774:ERROR:CONSOLE(0)] "Unchecked runtime.lastError: The message port closed before a response was received.", source: chrome-extension://mpognobbkildjkofajifpdfhcoklimli/browser.html (0)
[3330:3330:1008/061400.377807:ERROR:CONSOLE(0)] "Unchecked runtime.lastError: The message port closed before a response was received.", source: chrome-extension://mpognobbkildjkofajifpdfhcoklimli/browser.html (0)
[3330:3330:1008/061400.377836:ERROR:CONSOLE(0)] "Unchecked runtime.lastError: The message port closed before a response was received.", source: chrome-extension://mpognobbkildjkofajifpdfhcoklimli/browser.html (0)
[3330:3330:1008/061400.377871:ERROR:CONSOLE(0)] "Unchecked runtime.lastError: The message port closed before a response was received.", source: chrome-extension://mpognobbkildjkofajifpdfhcoklimli/browser.html (0)
[3330:3330:1008/061400.377901:ERROR:CONSOLE(0)] "Unchecked runtime.lastError: The message port closed before a response was received.", source: chrome-extension://mpognobbkildjkofajifpdfhcoklimli/browser.html (0)
[3330:3330:1008/061400.377931:ERROR:CONSOLE(0)] "Unchecked runtime.lastError: The message port closed before a response was received.", source: chrome-extension://mpognobbkildjkofajifpdfhcoklimli/browser.html (0)
[3330:3330:1008/061400.377960:ERROR:CONSOLE(0)] "Unchecked runtime.lastError: The message port closed before a response was received.", source: chrome-extension://mpognobbkildjkofajifpdfhcoklimli/browser.html (0)
[3330:3330:1008/061400.377990:ERROR:CONSOLE(0)] "Unchecked runtime.lastError: The message port closed before a response was received.", source: chrome-extension://mpognobbkildjkofajifpdfhcoklimli/browser.html (0)
[3330:3330:1008/061400.378022:ERROR:CONSOLE(0)] "Unchecked runtime.lastError: The message port closed before a response was received.", source: chrome-extension://mpognobbkildjkofajifpdfhcoklimli/browser.html (0)
[3330:3330:1008/061400.378051:ERROR:CONSOLE(0)] "Unchecked runtime.lastError: The message port closed before a response was received.", source: chrome-extension://mpognobbkildjkofajifpdfhcoklimli/browser.html (0)
[3330:3330:1008/061400.378083:ERROR:CONSOLE(0)] "Unchecked runtime.lastError: The message port closed before a response was received.", source: chrome-extension://mpognobbkildjkofajifpdfhcoklimli/browser.html (0)
[3330:3330:1008/061400.378117:ERROR:CONSOLE(0)] "Unchecked runtime.lastError: The message port closed before a response was received.", source: chrome-extension://mpognobbkildjkofajifpdfhcoklimli/browser.html (0)
[3330:3330:1008/061400.378150:ERROR:CONSOLE(0)] "Unchecked runtime.lastError: The message port closed before a response was received.", source: chrome-extension://mpognobbkildjkofajifpdfhcoklimli/browser.html (0)
[3330:3330:1008/061400.378182:ERROR:CONSOLE(0)] "Unchecked runtime.lastError: The message port closed before a response was received.", source: chrome-extension://mpognobbkildjkofajifpdfhcoklimli/browser.html (0)
[3330:3330:1008/061400.378222:ERROR:CONSOLE(0)] "Unchecked runtime.lastError: The message port closed before a response was received.", source: chrome-extension://mpognobbkildjkofajifpdfhcoklimli/browser.html (0)
[3330:3330:1008/061400.378255:ERROR:CONSOLE(0)] "Unchecked runtime.lastError: The message port closed before a response was received.", source: chrome-extension://mpognobbkildjkofajifpdfhcoklimli/browser.html (0)
[3330:3330:1008/061400.378288:ERROR:CONSOLE(0)] "Unchecked runtime.lastError: The message port closed before a response was received.", source: chrome-extension://mpognobbkildjkofajifpdfhcoklimli/browser.html (0)
[3330:3330:1008/061400.378332:ERROR:CONSOLE(0)] "Unchecked runtime.lastError: The message port closed before a response was received.", source: chrome-extension://mpognobbkildjkofajifpdfhcoklimli/browser.html (0)
[3330:3330:1008/061400.378358:ERROR:CONSOLE(0)] "Unchecked runtime.lastError: The message port closed before a response was received.", source: chrome-extension://mpognobbkildjkofajifpdfhcoklimli/browser.html (0)
[3330:3330:1008/061400.378410:ERROR:CONSOLE(0)] "Unchecked runtime.lastError: The message port closed before a response was received.", source: chrome-extension://mpognobbkildjkofajifpdfhcoklimli/browser.html (0)
[3330:3330:1008/061400.378450:ERROR:CONSOLE(0)] "Unchecked runtime.lastError: The message port closed before a response was received.", source: chrome-extension://mpognobbkildjkofajifpdfhcoklimli/browser.html (0)
[3330:3330:1008/061400.378501:ERROR:CONSOLE(0)] "Unchecked runtime.lastError: The message port closed before a response was received.", source: chrome-extension://mpognobbkildjkofajifpdfhcoklimli/browser.html (0)
[3330:3330:1008/061400.378552:ERROR:CONSOLE(0)] "Unchecked runtime.lastError: The message port closed before a response was received.", source: chrome-extension://mpognobbkildjkofajifpdfhcoklimli/browser.html (0)
[3330:3330:1008/061400.378582:ERROR:CONSOLE(0)] "Unchecked runtime.lastError: The message port closed before a response was received.", source: chrome-extension://mpognobbkildjkofajifpdfhcoklimli/browser.html (0)
[3330:3330:1008/061400.378631:ERROR:CONSOLE(0)] "Unchecked runtime.lastError: The message port closed before a response was received.", source: chrome-extension://mpognobbkildjkofajifpdfhcoklimli/browser.html (0)
[3330:3330:1008/061400.378736:ERROR:CONSOLE(0)] "Unchecked runtime.lastError: The message port closed before a response was received.", source: chrome-extension://mpognobbkildjkofajifpdfhcoklimli/browser.html (0)
[3330:3330:1008/061400.378765:ERROR:CONSOLE(0)] "Unchecked runtime.lastError: The message port closed before a response was received.", source: chrome-extension://mpognobbkildjkofajifpdfhcoklimli/browser.html (0)
[3330:3330:1008/061400.378784:ERROR:CONSOLE(0)] "Unchecked runtime.lastError: The message port closed before a response was received.", source: chrome-extension://mpognobbkildjkofajifpdfhcoklimli/browser.html (0)
[3330:3330:1008/061400.378812:ERROR:CONSOLE(0)] "Unchecked runtime.lastError: The message port closed before a response was received.", source: chrome-extension://mpognobbkildjkofajifpdfhcoklimli/browser.html (0)
[3330:3330:1008/061400.378858:ERROR:CONSOLE(0)] "Unchecked runtime.lastError: The message port closed before a response was received.", source: chrome-extension://mpognobbkildjkofajifpdfhcoklimli/browser.html (0)
[3330:3330:1008/061400.378908:ERROR:CONSOLE(0)] "Unchecked runtime.lastError: The message port closed before a response was received.", source: chrome-extension://mpognobbkildjkofajifpdfhcoklimli/browser.html (0)
[3330:3330:1008/061400.378954:ERROR:CONSOLE(0)] "Unchecked runtime.lastError: The message port closed before a response was received.", source: chrome-extension://mpognobbkildjkofajifpdfhcoklimli/browser.html (0)
[3330:3330:1008/061400.378999:ERROR:CONSOLE(0)] "Unchecked runtime.lastError: The message port closed before a response was received.", source: chrome-extension://mpognobbkildjkofajifpdfhcoklimli/browser.html (0)
[3330:3330:1008/061400.379045:ERROR:CONSOLE(0)] "Unchecked runtime.lastError: The message port closed before a response was received.", source: chrome-extension://mpognobbkildjkofajifpdfhcoklimli/browser.html (0)
[3330:3330:1008/061400.379089:ERROR:CONSOLE(0)] "Unchecked runtime.lastError: The message port closed before a response was received.", source: chrome-extension://mpognobbkildjkofajifpdfhcoklimli/browser.html (0)
[3330:3330:1008/061400.379135:ERROR:CONSOLE(0)] "Unchecked runtime.lastError: The message port closed before a response was received.", source: chrome-extension://mpognobbkildjkofajifpdfhcoklimli/browser.html (0)
[3330:3330:1008/061400.379179:ERROR:CONSOLE(0)] "Unchecked runtime.lastError: The message port closed before a response was received.", source: chrome-extension://mpognobbkildjkofajifpdfhcoklimli/browser.html (0)
[3330:3330:1008/061400.379268:ERROR:CONSOLE(0)] "Unchecked runtime.lastError: The message port closed before a response was received.", source: chrome-extension://mpognobbkildjkofajifpdfhcoklimli/browser.html (0)
[3330:3330:1008/061400.379296:ERROR:CONSOLE(0)] "Unchecked runtime.lastError: The message port closed before a response was received.", source: chrome-extension://mpognobbkildjkofajifpdfhcoklimli/browser.html (0)
[3330:3330:1008/061400.379330:ERROR:CONSOLE(0)] "Unchecked runtime.lastError: The message port closed before a response was received.", source: chrome-extension://mpognobbkildjkofajifpdfhcoklimli/browser.html (0)
[3330:3330:1008/061400.379375:ERROR:CONSOLE(0)] "Unchecked runtime.lastError: The message port closed before a response was received.", source: chrome-extension://mpognobbkildjkofajifpdfhcoklimli/browser.html (0)
[3330:3330:1008/061400.379421:ERROR:CONSOLE(0)] "Unchecked runtime.lastError: The message port closed before a response was received.", source: chrome-extension://mpognobbkildjkofajifpdfhcoklimli/browser.html (0)
[3330:3330:1008/061400.379465:ERROR:CONSOLE(0)] "Unchecked runtime.lastError: The message port closed before a response was received.", source: chrome-extension://mpognobbkildjkofajifpdfhcoklimli/browser.html (0)
[3330:3330:1008/061400.379514:ERROR:CONSOLE(0)] "Unchecked runtime.lastError: The message port closed before a response was received.", source: chrome-extension://mpognobbkildjkofajifpdfhcoklimli/browser.html (0)
[3330:3330:1008/061400.379565:ERROR:CONSOLE(0)] "Unchecked runtime.lastError: The message port closed before a response was received.", source: chrome-extension://mpognobbkildjkofajifpdfhcoklimli/browser.html (0)
[3330:3330:1008/061400.379610:ERROR:CONSOLE(0)] "Unchecked runtime.lastError: The message port closed before a response was received.", source: chrome-extension://mpognobbkildjkofajifpdfhcoklimli/browser.html (0)
[3330:3330:1008/061400.379654:ERROR:CONSOLE(0)] "Unchecked runtime.lastError: The message port closed before a response was received.", source: chrome-extension://mpognobbkildjkofajifpdfhcoklimli/browser.html (0)
[3330:3330:1008/061400.379700:ERROR:CONSOLE(0)] "Unchecked runtime.lastError: The message port closed before a response was received.", source: chrome-extension://mpognobbkildjkofajifpdfhcoklimli/browser.html (0)
[3330:3330:1008/061400.379747:ERROR:CONSOLE(0)] "Unchecked runtime.lastError: The message port closed before a response was received.", source: chrome-extension://mpognobbkildjkofajifpdfhcoklimli/browser.html (0)
[3330:3330:1008/061400.379791:ERROR:CONSOLE(0)] "Unchecked runtime.lastError: The message port closed before a response was received.", source: chrome-extension://mpognobbkildjkofajifpdfhcoklimli/browser.html (0)
[3330:3330:1008/061400.379836:ERROR:CONSOLE(0)] "Unchecked runtime.lastError: The message port closed before a response was received.", source: chrome-extension://mpognobbkildjkofajifpdfhcoklimli/browser.html (0)
[3330:3330:1008/061400.379887:ERROR:CONSOLE(0)] "Unchecked runtime.lastError: The message port closed before a response was received.", source: chrome-extension://mpognobbkildjkofajifpdfhcoklimli/browser.html (0)
[3330:3330:1008/061400.379934:ERROR:CONSOLE(0)] "Unchecked runtime.lastError: The message port closed before a response was received.", source: chrome-extension://mpognobbkildjkofajifpdfhcoklimli/browser.html (0)
[3330:3330:1008/061400.379980:ERROR:CONSOLE(0)] "Unchecked runtime.lastError: The message port closed before a response was received.", source: chrome-extension://mpognobbkildjkofajifpdfhcoklimli/browser.html (0)
[3330:3330:1008/061400.380030:ERROR:CONSOLE(0)] "Unchecked runtime.lastError: The message port closed before a response was received.", source: chrome-extension://mpognobbkildjkofajifpdfhcoklimli/browser.html (0)
[3330:3330:1008/061400.380076:ERROR:CONSOLE(0)] "Unchecked runtime.lastError: The message port closed before a response was received.", source: chrome-extension://mpognobbkildjkofajifpdfhcoklimli/browser.html (0)
[3330:3330:1008/061400.380122:ERROR:CONSOLE(0)] "Unchecked runtime.lastError: The message port closed before a response was received.", source: chrome-extension://mpognobbkildjkofajifpdfhcoklimli/browser.html (0)
[3330:3330:1008/061400.380169:ERROR:CONSOLE(0)] "Unchecked runtime.lastError: The message port closed before a response was received.", source: chrome-extension://mpognobbkildjkofajifpdfhcoklimli/browser.html (0)
[3330:3330:1008/061400.380240:ERROR:CONSOLE(0)] "Unchecked runtime.lastError: The message port closed before a response was received.", source: chrome-extension://mpognobbkildjkofajifpdfhcoklimli/browser.html (0)
[3330:3330:1008/061400.380286:ERROR:CONSOLE(0)] "Unchecked runtime.lastError: The message port closed before a response was received.", source: chrome-extension://mpognobbkildjkofajifpdfhcoklimli/browser.html (0)
[3330:3330:1008/061400.380331:ERROR:CONSOLE(0)] "Unchecked runtime.lastError: The message port closed before a response was received.", source: chrome-extension://mpognobbkildjkofajifpdfhcoklimli/browser.html (0)
[3330:3330:1008/061400.380382:ERROR:CONSOLE(0)] "Unchecked runtime.lastError: The message port closed before a response was received.", source: chrome-extension://mpognobbkildjkofajifpdfhcoklimli/browser.html (0)
[3330:3330:1008/061400.380430:ERROR:CONSOLE(0)] "Unchecked runtime.lastError: The message port closed before a response was received.", source: chrome-extension://mpognobbkildjkofajifpdfhcoklimli/browser.html (0)
[3330:3330:1008/061400.380471:ERROR:CONSOLE(0)] "Unchecked runtime.lastError: The message port closed before a response was received.", source: chrome-extension://mpognobbkildjkofajifpdfhcoklimli/browser.html (0)
[3330:3330:1008/061400.380541:ERROR:CONSOLE(0)] "Unchecked runtime.lastError: The message port closed before a response was received.", source: chrome-extension://mpognobbkildjkofajifpdfhcoklimli/browser.html (0)
[3330:3330:1008/061400.380568:ERROR:CONSOLE(0)] "Unchecked runtime.lastError: The message port closed before a response was received.", source: chrome-extension://mpognobbkildjkofajifpdfhcoklimli/browser.html (0)
[3330:3330:1008/061400.380599:ERROR:CONSOLE(0)] "Unchecked runtime.lastError: The message port closed before a response was received.", source: chrome-extension://mpognobbkildjkofajifpdfhcoklimli/browser.html (0)
[3330:3330:1008/061400.380626:ERROR:CONSOLE(0)] "Unchecked runtime.lastError: The message port closed before a response was received.", source: chrome-extension://mpognobbkildjkofajifpdfhcoklimli/browser.html (0)
[3330:3330:1008/061400.380652:ERROR:CONSOLE(0)] "Unchecked runtime.lastError: The message port closed before a response was received.", source: chrome-extension://mpognobbkildjkofajifpdfhcoklimli/browser.html (0)
[3330:3330:1008/061400.380686:ERROR:CONSOLE(0)] "Unchecked runtime.lastError: The message port closed before a response was received.", source: chrome-extension://mpognobbkildjkofajifpdfhcoklimli/browser.html (0)
[3330:3330:1008/061400.380718:ERROR:CONSOLE(0)] "Unchecked runtime.lastError: The message port closed before a response was received.", source: chrome-extension://mpognobbkildjkofajifpdfhcoklimli/browser.html (0)
[3330:3330:1008/061400.380748:ERROR:CONSOLE(0)] "Unchecked runtime.lastError: The message port closed before a response was received.", source: chrome-extension://mpognobbkildjkofajifpdfhcoklimli/browser.html (0)
[3330:3330:1008/061400.380779:ERROR:CONSOLE(0)] "Unchecked runtime.lastError: The message port closed before a response was received.", source: chrome-extension://mpognobbkildjkofajifpdfhcoklimli/browser.html (0)
[3330:3330:1008/061400.380809:ERROR:CONSOLE(0)] "Unchecked runtime.lastError: The message port closed before a response was received.", source: chrome-extension://mpognobbkildjkofajifpdfhcoklimli/browser.html (0)
[3330:3330:1008/061400.380839:ERROR:CONSOLE(0)] "Unchecked runtime.lastError: The message port closed before a response was received.", source: chrome-extension://mpognobbkildjkofajifpdfhcoklimli/browser.html (0)
[3330:3330:1008/061400.380869:ERROR:CONSOLE(0)] "Unchecked runtime.lastError: The message port closed before a response was received.", source: chrome-extension://mpognobbkildjkofajifpdfhcoklimli/browser.html (0)
[3330:3330:1008/061400.380900:ERROR:CONSOLE(0)] "Unchecked runtime.lastError: The message port closed before a response was received.", source: chrome-extension://mpognobbkildjkofajifpdfhcoklimli/browser.html (0)
[3330:3330:1008/061400.380931:ERROR:CONSOLE(0)] "Unchecked runtime.lastError: The message port closed before a response was received.", source: chrome-extension://mpognobbkildjkofajifpdfhcoklimli/browser.html (0)
[3330:3330:1008/061400.380960:ERROR:CONSOLE(0)] "Unchecked runtime.lastError: The message port closed before a response was received.", source: chrome-extension://mpognobbkildjkofajifpdfhcoklimli/browser.html (0)
[3330:3330:1008/061400.380990:ERROR:CONSOLE(0)] "Unchecked runtime.lastError: The message port closed before a response was received.", source: chrome-extension://mpognobbkildjkofajifpdfhcoklimli/browser.html (0)
[3330:3330:1008/061400.381020:ERROR:CONSOLE(0)] "Unchecked runtime.lastError: The message port closed before a response was received.", source: chrome-extension://mpognobbkildjkofajifpdfhcoklimli/browser.html (0)
[3330:3330:1008/061400.381051:ERROR:CONSOLE(0)] "Unchecked runtime.lastError: The message port closed before a response was received.", source: chrome-extension://mpognobbkildjkofajifpdfhcoklimli/browser.html (0)
[3330:3330:1008/061400.381081:ERROR:CONSOLE(0)] "Unchecked runtime.lastError: The message port closed before a response was received.", source: chrome-extension://mpognobbkildjkofajifpdfhcoklimli/browser.html (0)
[3330:3330:1008/061400.381112:ERROR:CONSOLE(0)] "Unchecked runtime.lastError: The message port closed before a response was received.", source: chrome-extension://mpognobbkildjkofajifpdfhcoklimli/browser.html (0)
[3330:3330:1008/061400.381142:ERROR:CONSOLE(0)] "Unchecked runtime.lastError: The message port closed before a response was received.", source: chrome-extension://mpognobbkildjkofajifpdfhcoklimli/browser.html (0)
[3330:3330:1008/061400.381246:ERROR:CONSOLE(0)] "Unchecked runtime.lastError: The message port closed before a response was received.", source: chrome-extension://mpognobbkildjkofajifpdfhcoklimli/browser.html (0)
[3330:3330:1008/061400.381282:ERROR:CONSOLE(0)] "Unchecked runtime.lastError: The message port closed before a response was received.", source: chrome-extension://mpognobbkildjkofajifpdfhcoklimli/browser.html (0)
[3330:3330:1008/061400.381317:ERROR:CONSOLE(0)] "Unchecked runtime.lastError: The message port closed before a response was received.", source: chrome-extension://mpognobbkildjkofajifpdfhcoklimli/browser.html (0)
[3330:3330:1008/061400.381340:ERROR:CONSOLE(0)] "Unchecked runtime.lastError: The message port closed before a response was received.", source: chrome-extension://mpognobbkildjkofajifpdfhcoklimli/browser.html (0)
[3330:3330:1008/061400.381373:ERROR:CONSOLE(0)] "Unchecked runtime.lastError: The message port closed before a response was received.", source: chrome-extension://mpognobbkildjkofajifpdfhcoklimli/browser.html (0)
[3330:3330:1008/061400.381404:ERROR:CONSOLE(0)] "Unchecked runtime.lastError: The message port closed before a response was received.", source: chrome-extension://mpognobbkildjkofajifpdfhcoklimli/browser.html (0)
[3330:3330:1008/061400.381436:ERROR:CONSOLE(0)] "Unchecked runtime.lastError: The message port closed before a response was received.", source: chrome-extension://mpognobbkildjkofajifpdfhcoklimli/browser.html (0)
[3330:3330:1008/061400.381464:ERROR:CONSOLE(0)] "Unchecked runtime.lastError: The message port closed before a response was received.", source: chrome-extension://mpognobbkildjkofajifpdfhcoklimli/browser.html (0)
[3330:3330:1008/061400.381495:ERROR:CONSOLE(0)] "Unchecked runtime.lastError: The message port closed before a response was received.", source: chrome-extension://mpognobbkildjkofajifpdfhcoklimli/browser.html (0)
[3330:3330:1008/061400.381554:ERROR:CONSOLE(0)] "Unchecked runtime.lastError: The message port closed before a response was received.", source: chrome-extension://mpognobbkildjkofajifpdfhcoklimli/browser.html (0)
[3330:3330:1008/061400.381589:ERROR:CONSOLE(0)] "Unchecked runtime.lastError: The message port closed before a response was received.", source: chrome-extension://mpognobbkildjkofajifpdfhcoklimli/browser.html (0)
[3330:3330:1008/061400.381621:ERROR:CONSOLE(0)] "Unchecked runtime.lastError: The message port closed before a response was received.", source: chrome-extension://mpognobbkildjkofajifpdfhcoklimli/browser.html (0)
[3330:3330:1008/061400.381652:ERROR:CONSOLE(0)] "Unchecked runtime.lastError: The message port closed before a response was received.", source: chrome-extension://mpognobbkildjkofajifpdfhcoklimli/browser.html (0)
[3330:3330:1008/061400.381683:ERROR:CONSOLE(0)] "Unchecked runtime.lastError: The message port closed before a response was received.", source: chrome-extension://mpognobbkildjkofajifpdfhcoklimli/browser.html (0)
[3330:3330:1008/061400.381717:ERROR:CONSOLE(0)] "Unchecked runtime.lastError: The message port closed before a response was received.", source: chrome-extension://mpognobbkildjkofajifpdfhcoklimli/browser.html (0)
[3330:3330:1008/061400.381752:ERROR:CONSOLE(0)] "Unchecked runtime.lastError: The message port closed before a response was received.", source: chrome-extension://mpognobbkildjkofajifpdfhcoklimli/browser.html (0)
[3330:3330:1008/061400.381784:ERROR:CONSOLE(0)] "Unchecked runtime.lastError: The message port closed before a response was received.", source: chrome-extension://mpognobbkildjkofajifpdfhcoklimli/browser.html (0)
[3330:3330:1008/061400.381814:ERROR:CONSOLE(0)] "Unchecked runtime.lastError: The message port closed before a response was received.", source: chrome-extension://mpognobbkildjkofajifpdfhcoklimli/browser.html (0)
[3330:3330:1008/061400.381844:ERROR:CONSOLE(0)] "Unchecked runtime.lastError: The message port closed before a response was received.", source: chrome-extension://mpognobbkildjkofajifpdfhcoklimli/browser.html (0)
[3330:3330:1008/061400.381877:ERROR:CONSOLE(0)] "Unchecked runtime.lastError: The message port closed before a response was received.", source: chrome-extension://mpognobbkildjkofajifpdfhcoklimli/browser.html (0)
[3330:3330:1008/061400.381907:ERROR:CONSOLE(0)] "Unchecked runtime.lastError: The message port closed before a response was received.", source: chrome-extension://mpognobbkildjkofajifpdfhcoklimli/browser.html (0)
[3330:3330:1008/061400.381937:ERROR:CONSOLE(0)] "Unchecked runtime.lastError: The message port closed before a response was received.", source: chrome-extension://mpognobbkildjkofajifpdfhcoklimli/browser.html (0)
[3330:3330:1008/061400.381968:ERROR:CONSOLE(0)] "Unchecked runtime.lastError: The message port closed before a response was received.", source: chrome-extension://mpognobbkildjkofajifpdfhcoklimli/browser.html (0)
[3330:3330:1008/061400.381999:ERROR:CONSOLE(0)] "Unchecked runtime.lastError: The message port closed before a response was received.", source: chrome-extension://mpognobbkildjkofajifpdfhcoklimli/browser.html (0)
[3330:3330:1008/061400.382029:ERROR:CONSOLE(0)] "Unchecked runtime.lastError: The message port closed before a response was received.", source: chrome-extension://mpognobbkildjkofajifpdfhcoklimli/browser.html (0)
[3330:3330:1008/061400.382060:ERROR:CONSOLE(0)] "Unchecked runtime.lastError: The message port closed before a response was received.", source: chrome-extension://mpognobbkildjkofajifpdfhcoklimli/browser.html (0)
[3330:3330:1008/061400.382089:ERROR:CONSOLE(0)] "Unchecked runtime.lastError: The message port closed before a response was received.", source: chrome-extension://mpognobbkildjkofajifpdfhcoklimli/browser.html (0)
[3330:3330:1008/061400.382119:ERROR:CONSOLE(0)] "Unchecked runtime.lastError: The message port closed before a response was received.", source: chrome-extension://mpognobbkildjkofajifpdfhcoklimli/browser.html (0)
[3330:3330:1008/061400.382149:ERROR:CONSOLE(0)] "Unchecked runtime.lastError: The message port closed before a response was received.", source: chrome-extension://mpognobbkildjkofajifpdfhcoklimli/browser.html (0)
[3330:3330:1008/061400.382180:ERROR:CONSOLE(0)] "Unchecked runtime.lastError: The message port closed before a response was received.", source: chrome-extension://mpognobbkildjkofajifpdfhcoklimli/browser.html (0)
[3330:3330:1008/061400.382215:ERROR:CONSOLE(0)] "Unchecked runtime.lastError: The message port closed before a response was received.", source: chrome-extension://mpognobbkildjkofajifpdfhcoklimli/browser.html (0)
[3330:3330:1008/061400.382245:ERROR:CONSOLE(0)] "Unchecked runtime.lastError: The message port closed before a response was received.", source: chrome-extension://mpognobbkildjkofajifpdfhcoklimli/browser.html (0)
[3330:3330:1008/061400.382277:ERROR:CONSOLE(0)] "Unchecked runtime.lastError: The message port closed before a response was received.", source: chrome-extension://mpognobbkildjkofajifpdfhcoklimli/browser.html (0)
[3330:3330:1008/061400.382311:ERROR:CONSOLE(0)] "Unchecked runtime.lastError: The message port closed before a response was received.", source: chrome-extension://mpognobbkildjkofajifpdfhcoklimli/browser.html (0)
[3330:3330:1008/061400.382342:ERROR:CONSOLE(0)] "Unchecked runtime.lastError: The message port closed before a response was received.", source: chrome-extension://mpognobbkildjkofajifpdfhcoklimli/browser.html (0)
[3330:3330:1008/061400.382371:ERROR:CONSOLE(0)] "Unchecked runtime.lastError: The message port closed before a response was received.", source: chrome-extension://mpognobbkildjkofajifpdfhcoklimli/browser.html (0)
[3330:3330:1008/061400.382402:ERROR:CONSOLE(0)] "Unchecked runtime.lastError: The message port closed before a response was received.", source: chrome-extension://mpognobbkildjkofajifpdfhcoklimli/browser.html (0)
[3330:3330:1008/061400.382431:ERROR:CONSOLE(0)] "Unchecked runtime.lastError: The message port closed before a response was received.", source: chrome-extension://mpognobbkildjkofajifpdfhcoklimli/browser.html (0)
[3330:3330:1008/061400.382463:ERROR:CONSOLE(0)] "Unchecked runtime.lastError: The message port closed before a response was received.", source: chrome-extension://mpognobbkildjkofajifpdfhcoklimli/browser.html (0)
[3330:3330:1008/061400.382493:ERROR:CONSOLE(0)] "Unchecked runtime.lastError: The message port closed before a response was received.", source: chrome-extension://mpognobbkildjkofajifpdfhcoklimli/browser.html (0)
[3330:3330:1008/061400.382524:ERROR:CONSOLE(0)] "Unchecked runtime.lastError: The message port closed before a response was received.", source: chrome-extension://mpognobbkildjkofajifpdfhcoklimli/browser.html (0)
[3330:3330:1008/061400.382553:ERROR:CONSOLE(0)] "Unchecked runtime.lastError: The message port closed before a response was received.", source: chrome-extension://mpognobbkildjkofajifpdfhcoklimli/browser.html (0)
[3330:3330:1008/061400.382585:ERROR:CONSOLE(0)] "Unchecked runtime.lastError: The message port closed before a response was received.", source: chrome-extension://mpognobbkildjkofajifpdfhcoklimli/browser.html (0)
[3330:3330:1008/061400.382614:ERROR:CONSOLE(0)] "Unchecked runtime.lastError: The message port closed before a response was received.", source: chrome-extension://mpognobbkildjkofajifpdfhcoklimli/browser.html (0)
[3367:3371:1008/061400.812090:ERROR:ssl_client_socket_impl.cc(981)] handshake failed; returned -1, SSL error code 1, net_error -202
[3367:3371:1008/061401.817833:ERROR:ssl_client_socket_impl.cc(981)] handshake failed; returned -1, SSL error code 1, net_error -101
[3367:3371:1008/061401.825957:ERROR:ssl_client_socket_impl.cc(981)] handshake failed; returned -1, SSL error code 1, net_error -101
[3330:3359:1008/061401.936771:ERROR:chrome_browser_main_extra_parts_metrics.cc(228)] crbug.com/1216328: Checking Bluetooth availability started. Please report if there is no report that this ends.
[3330:3359:1008/061401.936790:ERROR:chrome_browser_main_extra_parts_metrics.cc(231)] crbug.com/1216328: Checking Bluetooth availability ended.
[3330:3359:1008/061401.936798:ERROR:chrome_browser_main_extra_parts_metrics.cc(234)] crbug.com/1216328: Checking default browser status started. Please report if there is no report that this ends.
[3330:3359:1008/061402.002485:ERROR:chrome_browser_main_extra_parts_metrics.cc(238)] crbug.com/1216328: Checking default browser status ended.
[3367:3371:1008/061406.873937:ERROR:ssl_client_socket_impl.cc(981)] handshake failed; returned -1, SSL error code 1, net_error -100
[3367:3371:1008/061406.879086:ERROR:ssl_client_socket_impl.cc(981)] handshake failed; returned -1, SSL error code 1, net_error -100
[3367:3371:1008/061413.925998:ERROR:ssl_client_socket_impl.cc(981)] handshake failed; returned -1, SSL error code 1, net_error -100
[3367:3371:1008/061416.171855:ERROR:ssl_client_socket_impl.cc(981)] handshake failed; returned -1, SSL error code 1, net_error -101
[3367:3371:1008/061425.229488:ERROR:ssl_client_socket_impl.cc(981)] handshake failed; returned -1, SSL error code 1, net_error -100
[3367:3371:1008/061428.111413:ERROR:ssl_client_socket_impl.cc(981)] handshake failed; returned -1, SSL error code 1, net_error -100
[3330:3330:1008/061436.658067:ERROR:extension_message_filter.cc(110)] EMF_INVALID_EXTENSION_ID_FOR_CONTENT_SCRIPT
[3330:3330:1008/061436.764890:ERROR:extension_message_filter.cc(110)] EMF_INVALID_EXTENSION_ID_FOR_CONTENT_SCRIPT
[3330:3330:1008/061436.768951:ERROR:extension_message_filter.cc(110)] EMF_INVALID_EXTENSION_ID_FOR_CONTENT_SCRIPT
[3330:3330:1008/061436.780864:ERROR:extension_message_filter.cc(110)] EMF_INVALID_EXTENSION_ID_FOR_CONTENT_SCRIPT
[3330:3330:1008/061436.781419:ERROR:extension_message_filter.cc(110)] EMF_INVALID_EXTENSION_ID_FOR_CONTENT_SCRIPT
Fontconfig error: Cannot load default config file: No such file: (null)
[3330:3330:1008/061437.055078:ERROR:extension_message_filter.cc(110)] EMF_INVALID_EXTENSION_ID_FOR_CONTENT_SCRIPT
[3330:3330:1008/061437.147341:ERROR:CONSOLE(0)] "Unchecked runtime.lastError: Could not establish connection. Receiving end does not exist.", source: chrome-extension://mpognobbkildjkofajifpdfhcoklimli/browser.html (0)
[3330:3330:1008/061437.153009:ERROR:extension_message_filter.cc(110)] EMF_INVALID_EXTENSION_ID_FOR_CONTENT_SCRIPT
[3330:3330:1008/061437.156155:ERROR:extension_message_filter.cc(110)] EMF_INVALID_EXTENSION_ID_FOR_CONTENT_SCRIPT
[3330:3330:1008/061437.237082:ERROR:extension_message_filter.cc(110)] EMF_INVALID_EXTENSION_ID_FOR_CONTENT_SCRIPT
[3330:3330:1008/061522.743131:ERROR:zygote_communication_linux.cc(281)] Failed to send GetTerminationStatus message to zygote
[3330:3330:1008/061522.746072:ERROR:zygote_communication_linux.cc(281)] Failed to send GetTerminationStatus message to zygote
[3330:3353:1008/061522.746490:ERROR:zygote_communication_linux.cc(281)] Failed to send GetTerminationStatus message to zygote
[3330:3330:1008/061522.748653:ERROR:zygote_communication_linux.cc(281)] Failed to send GetTerminationStatus message to zygote
[3330:3330:1008/061522.750207:ERROR:zygote_communication_linux.cc(281)] Failed to send GetTerminationStatus message to zygote
[3330:3330:1008/061522.751308:ERROR:zygote_communication_linux.cc(281)] Failed to send GetTerminationStatus message to zygote
[3330:3330:1008/061522.752680:ERROR:zygote_communication_linux.cc(281)] Failed to send GetTerminationStatus message to zygote
